build/app/intermediates/manifest_merge_blame_file/debug/manifest-merger-blame-debug-report.txt
1<?xml version="1.0" encoding="utf-8"?>
2<manifest xmlns:android="http://schemas.android.com/apk/res/android"
3    package="com.HZ_FpStdSample.medpad"
4    android:versionCode="1"
5    android:versionName="1.0.0" >
6
7    <uses-sdk
7-->src/main/AndroidManifest.xml:4:5-44
8        android:minSdkVersion="21"
8-->src/main/AndroidManifest.xml:4:15-41
9        android:targetSdkVersion="30" />
10    <!--
11         Flutter needs it to communicate with the running application
12         to allow setting breakpoints, to provide hot reload, etc.
13    -->
14    <uses-permission android:name="android.permission.INTERNET" />
14-->src/main/AndroidManifest.xml:9:5-67
14-->src/main/AndroidManifest.xml:9:22-64
15
16    <uses-feature android:name="android.hardware.usb.host" />
16-->src/main/AndroidManifest.xml:3:5-62
16-->src/main/AndroidManifest.xml:3:19-59
17
18    <uses-permission android:name="android.permission.USB_PERMISSION" />
18-->src/main/AndroidManifest.xml:6:5-72
18-->src/main/AndroidManifest.xml:6:22-70
19    <uses-permission android:name="android.permission.ACCESS_FINE_LOCATION" />
19-->src/main/AndroidManifest.xml:7:5-79
19-->src/main/AndroidManifest.xml:7:22-76
20    <uses-permission android:name="android.permission.ACCESS_COARSE_LOCATION" />
20-->src/main/AndroidManifest.xml:8:5-81
20-->src/main/AndroidManifest.xml:8:22-78
21    <uses-permission android:name="android.permission.ACTIVITY_RECOGNITION" />
21-->src/main/AndroidManifest.xml:10:5-79
21-->src/main/AndroidManifest.xml:10:22-76
22    <uses-permission android:name="android.permission.FOREGROUND_SERVICE" />
22-->src/main/AndroidManifest.xml:11:5-77
22-->src/main/AndroidManifest.xml:11:22-74
23    <uses-permission android:name="android.permission.READ_EXTERNAL_STORAGE" />
23-->src/main/AndroidManifest.xml:12:5-79
23-->src/main/AndroidManifest.xml:12:22-77
24    <uses-permission android:name="android.permission.WRITE_EXTERNAL_STORAGE" />
24-->src/main/AndroidManifest.xml:13:5-80
24-->src/main/AndroidManifest.xml:13:22-78
25    <uses-permission android:name="android.permission.RECORD_AUDIO" />
25-->src/main/AndroidManifest.xml:15:5-70
25-->src/main/AndroidManifest.xml:15:22-68
26    <uses-permission android:name="android.permission.READ_PHONE_STATE" />
26-->src/main/AndroidManifest.xml:16:5-75
26-->src/main/AndroidManifest.xml:16:22-72
27    <uses-permission android:name="android.permission.REQUEST_INSTALL_PACKAGES" />
27-->[:ota_update] AndroidManifest.xml:7:5-83
27-->[:ota_update] AndroidManifest.xml:7:22-80
28    <uses-permission android:name="android.permission.ACCESS_NETWORK_STATE" />
28-->[:ota_update] AndroidManifest.xml:8:5-79
28-->[:ota_update] AndroidManifest.xml:8:22-76
29    <uses-permission android:name="android.permission.ACCESS_WIFI_STATE" />
29-->[:ota_update] AndroidManifest.xml:9:5-76
29-->[:ota_update] AndroidManifest.xml:9:22-73
30
31    <application
31-->src/main/AndroidManifest.xml:17:4-69:19
32        android:appComponentFactory="androidx.core.app.CoreComponentFactory"
32-->[androidx.core:core:1.0.1] AndroidManifest.xml:22:18-86
33        android:debuggable="true"
34        android:icon="@mipmap/launcher_icon"
34-->src/main/AndroidManifest.xml:19:9-45
35        android:label="rd-payroll"
35-->src/main/AndroidManifest.xml:18:9-35
36        android:networkSecurityConfig="@xml/network_security_config"
36-->src/main/AndroidManifest.xml:21:9-69
37        android:requestLegacyExternalStorage="true" >
37-->src/main/AndroidManifest.xml:20:9-52
38        <activity
38-->src/main/AndroidManifest.xml:22:9-54:20
39            android:name="com.HZ_FpStdSample.MainActivity"
39-->src/main/AndroidManifest.xml:23:13-41
40            android:configChanges="orientation|keyboardHidden|keyboard|screenSize|smallestScreenSize|locale|layoutDirection|fontScale|screenLayout|density|uiMode"
40-->src/main/AndroidManifest.xml:26:13-163
41            android:hardwareAccelerated="true"
41-->src/main/AndroidManifest.xml:27:13-47
42            android:launchMode="singleTop"
42-->src/main/AndroidManifest.xml:24:13-43
43            android:theme="@style/LaunchTheme"
43-->src/main/AndroidManifest.xml:25:13-47
44            android:windowSoftInputMode="adjustResize" >
44-->src/main/AndroidManifest.xml:28:13-55
45
46            <!--
47                 Specifies an Android theme to apply to this Activity as soon as
48                 the Android process has started. This theme is visible to the user
49                 while the Flutter UI initializes. After that, this theme continues
50                 to determine the Window background behind the Flutter UI.
51            -->
52            <meta-data
52-->src/main/AndroidManifest.xml:33:13-36:17
53                android:name="io.flutter.embedding.android.NormalTheme"
53-->src/main/AndroidManifest.xml:34:15-70
54                android:resource="@style/NormalTheme" />
54-->src/main/AndroidManifest.xml:35:15-52
55            <!--
56                 Displays an Android View that continues showing the launch screen
57                 Drawable until Flutter paints its first frame, then this splash
58                 screen fades out. A splash screen is useful to avoid any visual
59                 gap between the end of Android's launch screen and the painting of
60                 Flutter's first frame.
61            -->
62            <meta-data
62-->src/main/AndroidManifest.xml:42:13-45:17
63                android:name="io.flutter.embedding.android.SplashScreenDrawable"
63-->src/main/AndroidManifest.xml:43:15-79
64                android:resource="@drawable/launch_background" />
64-->src/main/AndroidManifest.xml:44:15-61
65
66            <intent-filter>
66-->src/main/AndroidManifest.xml:46:13-49:29
67                <action android:name="android.intent.action.MAIN" />
67-->src/main/AndroidManifest.xml:47:17-68
67-->src/main/AndroidManifest.xml:47:25-66
68
69                <category android:name="android.intent.category.LAUNCHER" />
69-->src/main/AndroidManifest.xml:48:17-76
69-->src/main/AndroidManifest.xml:48:27-74
70            </intent-filter>
71            <intent-filter>
71-->src/main/AndroidManifest.xml:51:13-53:29
72                <action android:name="android.hardware.usb.action.USB_DEVICE_ATTACHED" />
72-->src/main/AndroidManifest.xml:52:17-90
72-->src/main/AndroidManifest.xml:52:25-87
73            </intent-filter>
74        </activity>
75        <!--
76             Don't delete the meta-data below.
77             This is used by the Flutter tool to generate GeneratedPluginRegistrant.java
78        -->
79        <meta-data
79-->src/main/AndroidManifest.xml:57:9-59:33
80            android:name="flutterEmbedding"
80-->src/main/AndroidManifest.xml:58:13-44
81            android:value="2" />
81-->src/main/AndroidManifest.xml:59:13-30
82
83        <provider
84            android:name="sk.fourq.otaupdate.OtaUpdateFileProvider"
85            android:authorities="com.HZ_FpStdSample.medpad.ota_update_provider"
86            android:exported="false"
87            android:grantUriPermissions="true" >
88            <meta-data
88-->[:printing] AndroidManifest.xml:13:13-15:71
89                android:name="android.support.FILE_PROVIDER_PATHS"
89-->[:printing] AndroidManifest.xml:14:17-67
90                android:resource="@xml/filepaths" />
90-->[:printing] AndroidManifest.xml:15:17-68
91        </provider>
92        <provider
92-->[:printing] AndroidManifest.xml:8:9-16:20
93            android:name="net.nfet.flutter.printing.PrintFileProvider"
93-->[:printing] AndroidManifest.xml:9:13-71
94            android:authorities="com.HZ_FpStdSample.medpad.flutter.printing"
94-->[:printing] AndroidManifest.xml:10:13-68
95            android:exported="false"
95-->[:printing] AndroidManifest.xml:11:13-37
96            android:grantUriPermissions="true" >
96-->[:printing] AndroidManifest.xml:12:13-47
97            <meta-data
97-->[:printing] AndroidManifest.xml:13:13-15:71
98                android:name="android.support.FILE_PROVIDER_PATHS"
98-->[:printing] AndroidManifest.xml:14:17-67
99                android:resource="@xml/flutter_printing_file_paths" />
99-->[:printing] AndroidManifest.xml:15:17-68
100        </provider>
101        <provider
101-->[:image_picker] AndroidManifest.xml:8:9-16:20
102            android:name="io.flutter.plugins.imagepicker.ImagePickerFileProvider"
102-->[:image_picker] AndroidManifest.xml:9:13-82
103            android:authorities="com.HZ_FpStdSample.medpad.flutter.image_provider"
103-->[:image_picker] AndroidManifest.xml:10:13-74
104            android:exported="false"
104-->[:image_picker] AndroidManifest.xml:11:13-37
105            android:grantUriPermissions="true" >
105-->[:image_picker] AndroidManifest.xml:12:13-47
106            <meta-data
106-->[:printing] AndroidManifest.xml:13:13-15:71
107                android:name="android.support.FILE_PROVIDER_PATHS"
107-->[:printing] AndroidManifest.xml:14:17-67
108                android:resource="@xml/flutter_image_picker_file_paths" />
108-->[:printing] AndroidManifest.xml:15:17-68
109        </provider>
110    </application>
111
112</manifest>